Added Component: Designator=C1(CAPC1005X55X25LL05T10)
Add component. Clean all parameters for all variants
Add component (AddParameter): Name = "Manufacturer"; Value = "Murata"; VariantName = "[No Variations]"
Add component (AddParameter): Name = "Part Number"; Value = "GRM155R71C104KA88J"; VariantName = "[No Variations]"
Added Component: Designator=C2(CAPC1005X55X25LL05T10)
Add component. Clean all parameters for all variants
Add component (AddParameter): Name = "Manufacturer"; Value = "Murata"; VariantName = "[No Variations]"
Add component (AddParameter): Name = "Part Number"; Value = "GRM155R71C104KA88J"; VariantName = "[No Variations]"
Added Component: Designator=C3(CAPC1005X55X25LL05T10)
Add component. Clean all parameters for all variants
Add component (AddParameter): Name = "Manufacturer"; Value = "Murata"; VariantName = "[No Variations]"
Add component (AddParameter): Name = "Part Number"; Value = "GRM155R60J475ME47D"; VariantName = "[No Variations]"
Added Component: Designator=C22(CAPC1005X55X25LL05T10)
Add component. Clean all parameters for all variants
Add component (AddParameter): Name = "Manufacturer"; Value = "Murata"; VariantName = "[No Variations]"
Add component (AddParameter): Name = "Part Number"; Value = "GRM155R71C104KA88J"; VariantName = "[No Variations]"
Added Component: Designator=R1(RESC1005X40X25LL10T10)
Add component. Clean all parameters for all variants
Add component (AddParameter): Name = "Manufacturer"; Value = "Panasonic"; VariantName = "[No Variations]"
Add component (AddParameter): Name = "Part Number"; Value = "ERA-2AED472X"; VariantName = "[No Variations]"
Added Component: Designator=R11(RESC1005X40X25LL10T10)
Add component. Clean all parameters for all variants
Add component (AddParameter): Name = "Manufacturer"; Value = "Panasonic"; VariantName = "[No Variations]"
Add component (AddParameter): Name = "Part Number"; Value = "ERA-2AED472X"; VariantName = "[No Variations]"
Added Component: Designator=U1(FREE-QFN-16-3000X3000DE_V)
Add component. Clean all parameters for all variants
Add component (AddParameter): Name = "Brand"; Value = "FreescaleSemiconductor"; VariantName = "[No Variations]"
Add component (AddParameter): Name = "Datasheet URL"; Value = "https://datasheet.ciiva.com/12175/fxos8700cq-60595-12175213.pdf"; VariantName = "[No Variations]"
Add component (AddParameter): Name = "Datasheet Version"; Value = "Rev. 1, 06/2012"; VariantName = "[No Variations]"
Add component (AddParameter): Name = "Factory Pack Quantity"; Value = "1000"; VariantName = "[No Variations]"
Add component (AddParameter): Name = "Manufacturer"; Value = "Freescale"; VariantName = "[No Variations]"
Add component (AddParameter): Name = "Manufacturer URL"; Value = "http://www.nxp.com/"; VariantName = "[No Variations]"
Add component (AddParameter): Name = "Maximum Operating Temperature"; Value = "+85C"; VariantName = "[No Variations]"
Add component (AddParameter): Name = "Minimum Operating Temperature"; Value = "-40C"; VariantName = "[No Variations]"
Add component (AddParameter): Name = "Mounting Style"; Value = "SMD/SMT"; VariantName = "[No Variations]"
Add component (AddParameter): Name = "Operating Supply Voltage"; Value = "1.95Vto3.6V"; VariantName = "[No Variations]"
Add component (AddParameter): Name = "Output Type"; Value = "Digital"; VariantName = "[No Variations]"
Add component (AddParameter): Name = "Package / Case"; Value = "QFN-16"; VariantName = "[No Variations]"
Add component (AddParameter): Name = "Package Description"; Value = "16-Pin Quad Flat No-lead Package, Body 3 x 3 mm, Pitch 0.5 mm"; VariantName = "[No Variations]"
Add component (AddParameter): Name = "Package Reference"; Value = "QFN-16"; VariantName = "[No Variations]"
Add component (AddParameter): Name = "Packaging"; Value = "Reel"; VariantName = "[No Variations]"
Add component (AddParameter): Name = "Product Category"; Value = "BoardMountAccelerationSensors"; VariantName = "[No Variations]"
Add component (AddParameter): Name = "RoHS"; Value = "Details"; VariantName = "[No Variations]"
Add component (AddParameter): Name = "Sensing Axis"; Value = "X,Y,Z"; VariantName = "[No Variations]"
Add component (AddParameter): Name = "Supply Voltage - Max"; Value = "3.6V"; VariantName = "[No Variations]"
Add component (AddParameter): Name = "Supply Voltage - Min"; Value = "1.95V"; VariantName = "[No Variations]"
Add component (AddParameter): Name = "Tradename"; Value = "Xtrinsic"; VariantName = "[No Variations]"
Add component (AddParameter): Name = "Type"; Value = "6AxisSensor"; VariantName = "[No Variations]"
Add component (AddParameter): Name = "Unit Weight"; Value = "0.000808oz"; VariantName = "[No Variations]"
Added Pin To Net: NetName=GND Pin=C1-1
Added Pin To Net: NetName=NetC1_2 Pin=C1-2
Added Pin To Net: NetName=GND Pin=C2-2
Added Pin To Net: NetName=GND Pin=C3-1
Added Pin To Net: NetName=3V3 Pin=C3-2
Added Pin To Net: NetName=GND Pin=C22-1
Added Pin To Net: NetName=3V3 Pin=C22-2
Added Pin To Net: NetName=SDA Pin=R1-1
Added Pin To Net: NetName=3V3 Pin=R1-2
Added Pin To Net: NetName=SCL Pin=R11-1
Added Pin To Net: NetName=3V3 Pin=R11-2
Added Pin To Net: NetName=3V3 Pin=U1-1
Added Pin To Net: NetName=GND Pin=U1-3
Added Pin To Net: NetName=SCL Pin=U1-4
Added Pin To Net: NetName=GND Pin=U1-5
Added Pin To Net: NetName=SDA Pin=U1-6
Added Pin To Net: NetName=GND Pin=U1-7
Added Pin To Net: NetName=NetC1_2 Pin=U1-8
Added Pin To Net: NetName=GND Pin=U1-9
Added Pin To Net: NetName=GND Pin=U1-10
Added Pin To Net: NetName=GND Pin=U1-11
Added Pin To Net: NetName=GND Pin=U1-12
Added Pin To Net: NetName=GND Pin=U1-13
Added Pin To Net: NetName=3V3 Pin=U1-14
Added Pin To Net: NetName=GND Pin=U1-16
Added Pin To Net: NetName=NetC2_1 Pin=C2-1
Added Pin To Net: NetName=NetC2_1 Pin=U1-2
Added Net: Name=NetC2_1
Added Member To Class: ClassName=Galileo_Control_Board Member=Component C1 GRM155R71C104KA88J
Added Member To Class: ClassName=Galileo_Control_Board Member=Component C2 GRM155R71C104KA88J
Added Member To Class: ClassName=Galileo_Control_Board Member=Component C3 GRM155R60J475ME47D
Added Member To Class: ClassName=Galileo_Control_Board Member=Component C22 GRM155R71C104KA88J
Added Member To Class: ClassName=Galileo_Control_Board Member=Component R1 ERA-2AED472X
Added Member To Class: ClassName=Galileo_Control_Board Member=Component R11 ERA-2AED472X
Added Member To Class: ClassName=Galileo_Control_Board Member=Component U1 FXOS8700CQR1
