Removed Pin From Net: NetName=IM1 Pin=U3-19
Removed Pin From Net: NetName=IM2 Pin=U3-20
Removed Pin From Net: NetName=IM3 Pin=U3-21
Removed Pin From Net: NetName=IM4 Pin=U3-22
Removed Pin From Net: NetName=IM6 Pin=U3-29
Removed Pin From Net: NetName=IM5 Pin=U3-30
Change Component Footprint: Designator=M1 Old Footprint=MOTOR_PAD New Footprint=HDR1X2
Change Component Footprint: Designator=M2 Old Footprint=MOTOR_PAD New Footprint=HDR1X2
Change Component Footprint: Designator=M3 Old Footprint=MOTOR_PAD New Footprint=HDR1X2
Change Component Footprint: Designator=M4 Old Footprint=MOTOR_PAD New Footprint=HDR1X2
Change Component Footprint: Designator=M5 Old Footprint=MOTOR_PAD New Footprint=HDR1X2
Change Component Footprint: Designator=M6 Old Footprint=MOTOR_PAD New Footprint=HDR1X2
Change Component Comment : Designator=M1 Old Comment=Motor Pads* New Comment=Motor Pads
Change Component Comment : Designator=M2 Old Comment=Motor Pads* New Comment=Motor Pads
Change Component Comment : Designator=M3 Old Comment=Motor Pads* New Comment=Motor Pads
Change Component Comment : Designator=M4 Old Comment=Motor Pads* New Comment=Motor Pads
Change Component Comment : Designator=M5 Old Comment=Motor Pads* New Comment=Motor Pads
Change Component Comment : Designator=M6 Old Comment=Motor Pads* New Comment=Motor Pads
Change component parameters: Designator = "M1"; Footprint = "HDR1X2"; UniqueID = "\DTPPAGCT"
Change component parameters. Clean all parameters for all variants
Change component parameters (AddParameter): Name = "LatestRevisionDate"; Value = "17-Jul-2002"; VariantName = "[No Variations]"
Change component parameters (AddParameter): Name = "LatestRevisionNote"; Value = "Re-released for DXP Platform."; VariantName = "[No Variations]"
Change component parameters (AddParameter): Name = "Publisher"; Value = "Altium Limited"; VariantName = "[No Variations]"
Change component parameters: Designator = "M2"; Footprint = "HDR1X2"; UniqueID = "\PAULWJQV"
Change component parameters. Clean all parameters for all variants
Change component parameters (AddParameter): Name = "LatestRevisionDate"; Value = "17-Jul-2002"; VariantName = "[No Variations]"
Change component parameters (AddParameter): Name = "LatestRevisionNote"; Value = "Re-released for DXP Platform."; VariantName = "[No Variations]"
Change component parameters (AddParameter): Name = "Publisher"; Value = "Altium Limited"; VariantName = "[No Variations]"
Change component parameters: Designator = "M3"; Footprint = "HDR1X2"; UniqueID = "\IDJNMJJQ"
Change component parameters. Clean all parameters for all variants
Change component parameters (AddParameter): Name = "LatestRevisionDate"; Value = "17-Jul-2002"; VariantName = "[No Variations]"
Change component parameters (AddParameter): Name = "LatestRevisionNote"; Value = "Re-released for DXP Platform."; VariantName = "[No Variations]"
Change component parameters (AddParameter): Name = "Publisher"; Value = "Altium Limited"; VariantName = "[No Variations]"
Change component parameters: Designator = "M4"; Footprint = "HDR1X2"; UniqueID = "\ALJNEKCW"
Change component parameters. Clean all parameters for all variants
Change component parameters (AddParameter): Name = "LatestRevisionDate"; Value = "17-Jul-2002"; VariantName = "[No Variations]"
Change component parameters (AddParameter): Name = "LatestRevisionNote"; Value = "Re-released for DXP Platform."; VariantName = "[No Variations]"
Change component parameters (AddParameter): Name = "Publisher"; Value = "Altium Limited"; VariantName = "[No Variations]"
Change component parameters: Designator = "M5"; Footprint = "HDR1X2"; UniqueID = "\KKQUYSGO"
Change component parameters. Clean all parameters for all variants
Change component parameters (AddParameter): Name = "LatestRevisionDate"; Value = "17-Jul-2002"; VariantName = "[No Variations]"
Change component parameters (AddParameter): Name = "LatestRevisionNote"; Value = "Re-released for DXP Platform."; VariantName = "[No Variations]"
Change component parameters (AddParameter): Name = "Publisher"; Value = "Altium Limited"; VariantName = "[No Variations]"
Change component parameters: Designator = "M6"; Footprint = "HDR1X2"; UniqueID = "\XOTCLHRX"
Change component parameters. Clean all parameters for all variants
Change component parameters (AddParameter): Name = "LatestRevisionDate"; Value = "17-Jul-2002"; VariantName = "[No Variations]"
Change component parameters (AddParameter): Name = "LatestRevisionNote"; Value = "Re-released for DXP Platform."; VariantName = "[No Variations]"
Change component parameters (AddParameter): Name = "Publisher"; Value = "Altium Limited"; VariantName = "[No Variations]"
Added Pin To Net: NetName=IM1 Pin=U3-18
Added Pin To Net: NetName=IM2 Pin=U3-19
Added Pin To Net: NetName=IM3 Pin=U3-20
Added Pin To Net: NetName=IM4 Pin=U3-21
Added Pin To Net: NetName=IM5 Pin=U3-22
Added Pin To Net: NetName=M6A Pin=U3-29
Added Net: Name=M6A
Added Pin To Net: NetName=M6B Pin=U3-30
Added Net: Name=M6B
